0 info it worked if it ends with ok
1 verbose cli [ '/usr/local/bin/node', '/usr/local/bin/npm', 'publish' ]
2 info using npm@2.14.7
3 info using node@v4.2.0
4 verbose publish [ '.' ]
5 silly cache add args [ '.', null ]
6 verbose cache add spec .
7 silly cache add parsed spec Result {
7 silly cache add   raw: '.',
7 silly cache add   scope: null,
7 silly cache add   name: null,
7 silly cache add   rawSpec: '.',
7 silly cache add   spec: '/Users/markstock/Public/docool',
7 silly cache add   type: 'directory' }
8 verbose addLocalDirectory /Users/markstock/.npm/docool/1.0.1/package.tgz not in flight; packing
9 verbose tar pack [ '/Users/markstock/.npm/docool/1.0.1/package.tgz',
9 verbose tar pack   '/Users/markstock/Public/docool' ]
10 verbose tarball /Users/markstock/.npm/docool/1.0.1/package.tgz
11 verbose folder /Users/markstock/Public/docool
12 info prepublish docool@1.0.1
13 verbose addLocalTarball adding from inside cache /Users/markstock/.npm/docool/1.0.1/package.tgz
14 silly cache afterAdd docool@1.0.1
15 verbose afterAdd /Users/markstock/.npm/docool/1.0.1/package/package.json not in flight; writing
16 verbose afterAdd /Users/markstock/.npm/docool/1.0.1/package/package.json written
17 silly publish { name: 'docool',
17 silly publish   version: '1.0.1',
17 silly publish   description: 'FrontEnd Document Builder',
17 silly publish   main: 'docool.js',
17 silly publish   author: { name: 'markstock7' },
17 silly publish   license: 'ISC',
17 silly publish   bin: { elephant: 'node docool.js' },
17 silly publish   repository:
17 silly publish    { type: 'git',
17 silly publish      url: 'git+https://github.com/markstock7/docool.git' },
17 silly publish   devDependencies:
17 silly publish    { browserify: '^13.1.1',
17 silly publish      eslint: '^3.12.2',
17 silly publish      gulp: '^3.9.1',
17 silly publish      'gulp-help': '^1.6.1',
17 silly publish      'node-emoji': '^1.5.1' },
17 silly publish   dependencies:
17 silly publish    { bluebird: '^3.4.7',
17 silly publish      catharsis: '^0.8.8',
17 silly publish      chalk: '^1.1.3',
17 silly publish      colorful: '^2.1.0',
17 silly publish      'comment-json': '^1.1.3',
17 silly publish      consolidate: '^0.14.5',
17 silly publish      debug: '^2.6.0',
17 silly publish      'escape-string-regexp': '^1.0.5',
17 silly publish      espree: '^3.3.2',
17 silly publish      eventemitter2: '^2.2.1',
17 silly publish      express: '^4.14.0',
17 silly publish      glob: '^7.0.5',
17 silly publish      'gulp-filter': '^4.0.0',
17 silly publish      'gulp-livereload': '^3.8.1',
17 silly publish      'gulp-load-plugins': '^1.4.0',
17 silly publish      'gulp-util': '^3.0.8',
17 silly publish      handlebars: '^4.0.6',
17 silly publish      'highlight.js': '^9.9.0',
17 silly publish      lodash: '^4.17.4',
17 silly publish      log: '^1.4.0',
17 silly publish      'map-stream': '0.0.6',
17 silly publish      marked: '^0.3.6',
17 silly publish      mime: '^1.3.4',
17 silly publish      nconf: '^0.8.4',
17 silly publish      'node-babel': '^0.1.2',
17 silly publish      'node-emoji': '^1.5.1',
17 silly publish      nodemon: '^1.10.2',
17 silly publish      pug: '^0.1.0',
17 silly publish      reload: '^1.0.1',
17 silly publish      requizzle: '^0.2.1',
17 silly publish      rimraf: '^2.5.4',
17 silly publish      'run-sequence': '^1.2.2',
17 silly publish      'strip-json-comments': '^2.0.1',
17 silly publish      swig: '^1.4.2',
17 silly publish      taffy: '^2.6.2',
17 silly publish      taffydb: '^2.7.3',
17 silly publish      through2: '^2.0.3',
17 silly publish      uuid: '^2.0.2',
17 silly publish      'vinyl-buffer': '^1.0.0' },
17 silly publish   readme: 'A frontend document site builder.\n\n## Installation\n\n````\n$ npm install docool -g\n````\n\n## Usage\nThe first thing you need to do is create a docool.json in you project. The following is all the configuration\n\n````\n{\n    /**\n     * same with gulp src.\n     */\n    "gulpSrc": [],\n\n    /**\n     * see the plugins descripton\n     */\n    "plugins": [],\n\n\t\n    "server": {\n\n        /**\n         * see the server.path description\n         */\n        "path": ""\n\n        /**\n         * document site server port\n         */\n        "port": 3000,\n\n        /**\n         * see the server.entry description\n         */\n        "entry": "main.js"\n    }\n}\n````\n### server\nyou can decide how your document site works. It means you have Complete control of your site.\n\nIn order to do this. you need to confige your sever in docool.json.\n\nFor example, you can crate a folder named docool in the root directory of your project.\n\n````\n// In docool.json\n\n{\n  "server": {\n\t"path": "docool/"\n  }\n}\n```` \n\nThe next thing you need to do is to create a entry file in "docool/". for example main.js\n\nYour entry file must export to function.\n\n````\n/**\n * init will called when the docool firstly finish parsing files.\n * So you can init your site in here\n *\n * @param {Object} docool \n */\nexports.init = () => {\n}\n\n/**\n *\n * @param {Array} doclets\n */\nexports.loadDoclets = (doclets) {\n}\n````\n\n### pulgins\nIn the entire parsing cycle, docool will emit some events to allow you to do some change.\n\ndocool can parse two type of files, js(jsx) and md. so for the js file, docool will emit \'js::eventName\' kind of event. and for the md will like \'md::eventName\'\n\nIf you want to write your own plugins, you can create a plugins forlder in your server folder.\nthen create a plugin file, for example, called test.plugin.js.\n\n````\n exports.handlers = {\n   \'event1\': function handler(e) {\n   },\n   \'event2\': function handler(e) {\n   }\n }\n````\n\n',
17 silly publish   readmeFilename: 'README.MD',
17 silly publish   gitHead: '278935668a3209069b53fc4bdefe4c79a19b8cb7',
17 silly publish   bugs: { url: 'https://github.com/markstock7/docool/issues' },
17 silly publish   homepage: 'https://github.com/markstock7/docool#readme',
17 silly publish   _id: 'docool@1.0.1',
17 silly publish   scripts: {},
17 silly publish   _shasum: '56c438590d12cdbc37d67662597f7977b58fe0b8',
17 silly publish   _from: '.' }
18 verbose getPublishConfig undefined
19 silly mapToRegistry name docool
20 silly mapToRegistry using default registry
21 silly mapToRegistry registry https://registry.npmjs.org/
22 silly mapToRegistry uri https://registry.npmjs.org/docool
23 verbose publish registryBase https://registry.npmjs.org/
24 silly publish uploading /Users/markstock/.npm/docool/1.0.1/package.tgz
25 verbose request uri https://registry.npmjs.org/docool
26 verbose request sending authorization for write operation
27 info attempt registry request try #1 at 21:00:20
28 verbose request using bearer token for auth
29 verbose request id 54cdc88745878746
30 http request PUT https://registry.npmjs.org/docool
31 http 403 https://registry.npmjs.org/docool
32 verbose headers { 'content-type': 'application/json',
32 verbose headers   'cache-control': 'max-age=300',
32 verbose headers   'content-length': '95',
32 verbose headers   'accept-ranges': 'bytes',
32 verbose headers   date: 'Fri, 20 Jan 2017 13:00:22 GMT',
32 verbose headers   via: '1.1 varnish',
32 verbose headers   connection: 'keep-alive',
32 verbose headers   'x-served-by': 'cache-nrt6123-NRT',
32 verbose headers   'x-cache': 'MISS',
32 verbose headers   'x-cache-hits': '0',
32 verbose headers   'x-timer': 'S1484917221.508298,VS0,VE1075',
32 verbose headers   vary: 'Accept-Encoding' }
33 verbose request invalidating /Users/markstock/.npm/registry.npmjs.org/docool on PUT
34 error publish Failed PUT 403
35 verbose stack Error: "You cannot publish over the previously published version 1.0.1." : docool
35 verbose stack     at makeError (/usr/local/lib/node_modules/npm/node_modules/npm-registry-client/lib/request.js:264:12)
35 verbose stack     at CachingRegistryClient.<anonymous> (/usr/local/lib/node_modules/npm/node_modules/npm-registry-client/lib/request.js:252:14)
35 verbose stack     at Request._callback (/usr/local/lib/node_modules/npm/node_modules/npm-registry-client/lib/request.js:172:14)
35 verbose stack     at Request.self.callback (/usr/local/lib/node_modules/npm/node_modules/request/request.js:198:22)
35 verbose stack     at emitTwo (events.js:87:13)
35 verbose stack     at Request.emit (events.js:172:7)
35 verbose stack     at Request.<anonymous> (/usr/local/lib/node_modules/npm/node_modules/request/request.js:1063:14)
35 verbose stack     at emitOne (events.js:82:20)
35 verbose stack     at Request.emit (events.js:169:7)
35 verbose stack     at IncomingMessage.<anonymous> (/usr/local/lib/node_modules/npm/node_modules/request/request.js:1009:12)
36 verbose statusCode 403
37 verbose pkgid docool
38 verbose cwd /Users/markstock/Public/docool
39 error Darwin 15.3.0
40 error argv "/usr/local/bin/node" "/usr/local/bin/npm" "publish"
41 error node v4.2.0
42 error npm  v2.14.7
43 error code E403
44 error "You cannot publish over the previously published version 1.0.1." : docool
45 error If you need help, you may report this error at:
45 error     <https://github.com/npm/npm/issues>
46 verbose exit [ 1, true ]
