0 info it worked if it ends with ok
1 verbose cli [ '/usr/local/bin/node',
1 verbose cli   '/usr/local/bin/npm',
1 verbose cli   'install',
1 verbose cli   'markded',
1 verbose cli   '--save' ]
2 info using npm@2.14.7
3 info using node@v4.2.0
4 verbose install initial load of /Users/markstock/Public/elephant/libs/elephant-parser/package.json
5 warn package.json elephant@1.0.0 No description
6 warn package.json elephant@1.0.0 No README data
7 verbose installManyTop reading scoped package data from /Users/markstock/Public/elephant/libs/elephant-parser/node_modules/babel-cli/package.json
8 verbose installManyTop reading scoped package data from /Users/markstock/Public/elephant/libs/elephant-parser/node_modules/babel-core/package.json
9 verbose installManyTop reading scoped package data from /Users/markstock/Public/elephant/libs/elephant-parser/node_modules/babel-preset-es2015/package.json
10 verbose installManyTop reading scoped package data from /Users/markstock/Public/elephant/libs/elephant-parser/node_modules/babel-preset-react/package.json
11 verbose installManyTop reading scoped package data from /Users/markstock/Public/elephant/libs/elephant-parser/node_modules/babel-preset-stage-0/package.json
12 verbose installManyTop reading scoped package data from /Users/markstock/Public/elephant/libs/elephant-parser/node_modules/babel-preset-stage-2/package.json
13 verbose installManyTop reading scoped package data from /Users/markstock/Public/elephant/libs/elephant-parser/node_modules/better-npm-run/package.json
14 verbose installManyTop reading scoped package data from /Users/markstock/Public/elephant/libs/elephant-parser/node_modules/catharsis/package.json
15 verbose installManyTop reading scoped package data from /Users/markstock/Public/elephant/libs/elephant-parser/node_modules/colorful/package.json
16 verbose installManyTop reading scoped package data from /Users/markstock/Public/elephant/libs/elephant-parser/node_modules/commander/package.json
17 verbose installManyTop reading scoped package data from /Users/markstock/Public/elephant/libs/elephant-parser/node_modules/comment-json/package.json
18 verbose installManyTop reading scoped package data from /Users/markstock/Public/elephant/libs/elephant-parser/node_modules/debug/package.json
19 verbose installManyTop reading scoped package data from /Users/markstock/Public/elephant/libs/elephant-parser/node_modules/escape-string-regexp/package.json
20 verbose installManyTop reading scoped package data from /Users/markstock/Public/elephant/libs/elephant-parser/node_modules/eslint/package.json
21 verbose installManyTop reading scoped package data from /Users/markstock/Public/elephant/libs/elephant-parser/node_modules/espree/package.json
22 verbose installManyTop reading scoped package data from /Users/markstock/Public/elephant/libs/elephant-parser/node_modules/eventemitter2/package.json
23 verbose installManyTop reading scoped package data from /Users/markstock/Public/elephant/libs/elephant-parser/node_modules/express/package.json
24 verbose installManyTop reading scoped package data from /Users/markstock/Public/elephant/libs/elephant-parser/node_modules/glob/package.json
25 verbose installManyTop reading scoped package data from /Users/markstock/Public/elephant/libs/elephant-parser/node_modules/gulp/package.json
26 verbose installManyTop reading scoped package data from /Users/markstock/Public/elephant/libs/elephant-parser/node_modules/gulp-livereload/package.json
27 verbose installManyTop reading scoped package data from /Users/markstock/Public/elephant/libs/elephant-parser/node_modules/gulp-load-plugins/package.json
28 verbose installManyTop reading scoped package data from /Users/markstock/Public/elephant/libs/elephant-parser/node_modules/gulp-nodemon/package.json
29 verbose installManyTop reading scoped package data from /Users/markstock/Public/elephant/libs/elephant-parser/node_modules/handlebars/package.json
30 verbose installManyTop reading scoped package data from /Users/markstock/Public/elephant/libs/elephant-parser/node_modules/highlight/package.json
31 verbose installManyTop reading scoped package data from /Users/markstock/Public/elephant/libs/elephant-parser/node_modules/highlight.js/package.json
32 verbose installManyTop reading scoped package data from /Users/markstock/Public/elephant/libs/elephant-parser/node_modules/jade/package.json
33 verbose installManyTop reading scoped package data from /Users/markstock/Public/elephant/libs/elephant-parser/node_modules/jquery/package.json
34 verbose installManyTop reading scoped package data from /Users/markstock/Public/elephant/libs/elephant-parser/node_modules/jsdoc/package.json
35 verbose installManyTop reading scoped package data from /Users/markstock/Public/elephant/libs/elephant-parser/node_modules/lodash/package.json
36 verbose installManyTop reading scoped package data from /Users/markstock/Public/elephant/libs/elephant-parser/node_modules/log/package.json
37 verbose installManyTop reading scoped package data from /Users/markstock/Public/elephant/libs/elephant-parser/node_modules/marked/package.json
38 verbose installManyTop reading scoped package data from /Users/markstock/Public/elephant/libs/elephant-parser/node_modules/markit/package.json
39 verbose installManyTop reading scoped package data from /Users/markstock/Public/elephant/libs/elephant-parser/node_modules/mime/package.json
40 verbose installManyTop reading scoped package data from /Users/markstock/Public/elephant/libs/elephant-parser/node_modules/node-babel/package.json
41 verbose installManyTop reading scoped package data from /Users/markstock/Public/elephant/libs/elephant-parser/node_modules/nodemon/package.json
42 verbose installManyTop reading scoped package data from /Users/markstock/Public/elephant/libs/elephant-parser/node_modules/out/package.json
43 verbose installManyTop reading scoped package data from /Users/markstock/Public/elephant/libs/elephant-parser/node_modules/pug/package.json
44 verbose installManyTop reading scoped package data from /Users/markstock/Public/elephant/libs/elephant-parser/node_modules/reload/package.json
45 verbose installManyTop reading scoped package data from /Users/markstock/Public/elephant/libs/elephant-parser/node_modules/requizzle/package.json
46 verbose installManyTop reading scoped package data from /Users/markstock/Public/elephant/libs/elephant-parser/node_modules/rimraf/package.json
47 verbose installManyTop reading scoped package data from /Users/markstock/Public/elephant/libs/elephant-parser/node_modules/run-sequence/package.json
48 verbose installManyTop reading scoped package data from /Users/markstock/Public/elephant/libs/elephant-parser/node_modules/socket.io/package.json
49 verbose installManyTop reading scoped package data from /Users/markstock/Public/elephant/libs/elephant-parser/node_modules/swig/package.json
50 verbose installManyTop reading scoped package data from /Users/markstock/Public/elephant/libs/elephant-parser/node_modules/taffy/package.json
51 verbose installManyTop reading scoped package data from /Users/markstock/Public/elephant/libs/elephant-parser/node_modules/taffydb/package.json
52 verbose installManyTop reading scoped package data from /Users/markstock/Public/elephant/libs/elephant-parser/node_modules/through2/package.json
53 verbose installManyTop reading scoped package data from /Users/markstock/Public/elephant/libs/elephant-parser/node_modules/underscore/package.json
54 verbose installManyTop reading scoped package data from /Users/markstock/Public/elephant/libs/elephant-parser/node_modules/uuid/package.json
55 verbose installManyTop reading scoped package data from /Users/markstock/Public/elephant/libs/elephant-parser/node_modules/vinyl-buffer/package.json
56 verbose installManyTop reading scoped package data from /Users/markstock/Public/elephant/libs/elephant-parser/node_modules/webpack/package.json
57 verbose installManyTop reading scoped package data from /Users/markstock/Public/elephant/libs/elephant-parser/node_modules/webpack-dev-middleware/package.json
58 verbose installManyTop reading scoped package data from /Users/markstock/Public/elephant/libs/elephant-parser/node_modules/webpack-dev-server/package.json
59 verbose installManyTop reading scoped package data from /Users/markstock/Public/elephant/libs/elephant-parser/node_modules/webpack-hot-middleware/package.json
60 info package.json colorful@2.1.0 No license field.
61 info package.json highlight@0.2.4 No license field.
62 info package.json mime@1.3.4 No license field.
63 info package.json taffy@2.6.2 No license field.
64 info package.json log@1.4.0 No repository field.
65 info package.json log@1.4.0 No license field.
66 verbose readDependencies loading dependencies from /Users/markstock/Public/elephant/libs/elephant-parser/package.json
67 silly cache add args [ 'markded', null ]
68 verbose cache add spec markded
69 silly cache add parsed spec Result {
69 silly cache add   raw: 'markded',
69 silly cache add   scope: null,
69 silly cache add   name: 'markded',
69 silly cache add   rawSpec: '',
69 silly cache add   spec: '*',
69 silly cache add   type: 'range' }
70 silly addNamed markded@*
71 verbose addNamed "*" is a valid semver range for markded
72 silly addNameRange { name: 'markded', range: '*', hasData: false }
73 silly mapToRegistry name markded
74 silly mapToRegistry using default registry
75 silly mapToRegistry registry https://registry.npm.taobao.org/
76 silly mapToRegistry uri https://registry.npm.taobao.org/markded
77 verbose addNameRange registry:https://registry.npm.taobao.org/markded not in flight; fetching
78 verbose request uri https://registry.npm.taobao.org/markded
79 verbose request no auth needed
80 info attempt registry request try #1 at 16:39:31
81 verbose request id ee38dbc0d7a0169b
82 http request GET https://registry.npm.taobao.org/markded
83 http 404 https://registry.npm.taobao.org/markded
84 verbose headers { 'content-type': 'application/json',
84 verbose headers   'cache-control': 'max-age=0',
84 verbose headers   'content-length': '2',
84 verbose headers   'accept-ranges': 'bytes',
84 verbose headers   date: 'Fri, 13 Jan 2017 08:39:35 GMT',
84 verbose headers   via: '1.1 varnish',
84 verbose headers   age: '0',
84 verbose headers   connection: 'close',
84 verbose headers   'x-served-by': 'cache-nrt6124-NRT',
84 verbose headers   'x-cache': 'MISS',
84 verbose headers   'x-cache-hits': '0',
84 verbose headers   'x-timer': 'S1484296774.439155,VS0,VE889',
84 verbose headers   vary: 'Accept-Encoding' }
85 silly get cb [ 404,
85 silly get   { 'content-type': 'application/json',
85 silly get     'cache-control': 'max-age=0',
85 silly get     'content-length': '2',
85 silly get     'accept-ranges': 'bytes',
85 silly get     date: 'Fri, 13 Jan 2017 08:39:35 GMT',
85 silly get     via: '1.1 varnish',
85 silly get     age: '0',
85 silly get     connection: 'close',
85 silly get     'x-served-by': 'cache-nrt6124-NRT',
85 silly get     'x-cache': 'MISS',
85 silly get     'x-cache-hits': '0',
85 silly get     'x-timer': 'S1484296774.439155,VS0,VE889',
85 silly get     vary: 'Accept-Encoding' } ]
86 verbose stack Error: Registry returned 404 for GET on https://registry.npm.taobao.org/markded
86 verbose stack     at makeError (/usr/local/lib/node_modules/npm/node_modules/npm-registry-client/lib/request.js:264:12)
86 verbose stack     at CachingRegistryClient.<anonymous> (/usr/local/lib/node_modules/npm/node_modules/npm-registry-client/lib/request.js:242:14)
86 verbose stack     at Request._callback (/usr/local/lib/node_modules/npm/node_modules/npm-registry-client/lib/request.js:172:14)
86 verbose stack     at Request.self.callback (/usr/local/lib/node_modules/npm/node_modules/request/request.js:198:22)
86 verbose stack     at emitTwo (events.js:87:13)
86 verbose stack     at Request.emit (events.js:172:7)
86 verbose stack     at Request.<anonymous> (/usr/local/lib/node_modules/npm/node_modules/request/request.js:1063:14)
86 verbose stack     at emitOne (events.js:82:20)
86 verbose stack     at Request.emit (events.js:169:7)
86 verbose stack     at IncomingMessage.<anonymous> (/usr/local/lib/node_modules/npm/node_modules/request/request.js:1009:12)
87 verbose statusCode 404
88 verbose pkgid markded
89 verbose cwd /Users/markstock/Public/elephant/libs/elephant-parser
90 error Darwin 15.3.0
91 error argv "/usr/local/bin/node" "/usr/local/bin/npm" "install" "markded" "--save"
92 error node v4.2.0
93 error npm  v2.14.7
94 error code E404
95 error 404 Registry returned 404 for GET on https://registry.npm.taobao.org/markded
95 error 404
95 error 404 'markded' is not in the npm registry.
95 error 404 You should bug the author to publish it (or use the name yourself!)
95 error 404 It was specified as a dependency of 'elephant'
95 error 404
95 error 404 Note that you can also install from a
95 error 404 tarball, folder, http url, or git url.
96 verbose exit [ 1, true ]
